Sentence #1 (17 tokens):
Perhaps the zombie,
in all his uncanniness,
is truly the definition
of asymmetrical anthropomorphism.
[Text=Perhaps CharacterOffsetBegin=0 CharacterOffsetEnd=7 PartOfSpeech=RB]
[Text=the CharacterOffsetBegin=8 CharacterOffsetEnd=11 PartOfSpeech=DT]
[Text=zombie CharacterOffsetBegin=12 CharacterOffsetEnd=18 PartOfSpeech=NN]
[Text=, CharacterOffsetBegin=18 CharacterOffsetEnd=19 PartOfSpeech=,]
[Text=in CharacterOffsetBegin=20 CharacterOffsetEnd=22 PartOfSpeech=IN]
[Text=all CharacterOffsetBegin=23 CharacterOffsetEnd=26 PartOfSpeech=DT]
[Text=his CharacterOffsetBegin=27 CharacterOffsetEnd=30 PartOfSpeech=PRP$]
[Text=uncanniness CharacterOffsetBegin=31 CharacterOffsetEnd=42 PartOfSpeech=NN]
[Text=, CharacterOffsetBegin=42 CharacterOffsetEnd=43 PartOfSpeech=,]
[Text=is CharacterOffsetBegin=44 CharacterOffsetEnd=46 PartOfSpeech=VBZ]
[Text=truly CharacterOffsetBegin=47 CharacterOffsetEnd=52 PartOfSpeech=RB]
[Text=the CharacterOffsetBegin=53 CharacterOffsetEnd=56 PartOfSpeech=DT]
[Text=definition CharacterOffsetBegin=57 CharacterOffsetEnd=67 PartOfSpeech=NN]
[Text=of CharacterOffsetBegin=68 CharacterOffsetEnd=70 PartOfSpeech=IN]
[Text=asymmetrical CharacterOffsetBegin=71 CharacterOffsetEnd=83 PartOfSpeech=JJ]
[Text=anthropomorphism CharacterOffsetBegin=84 CharacterOffsetEnd=100 PartOfSpeech=NN]
[Text=. CharacterOffsetBegin=100 CharacterOffsetEnd=101 PartOfSpeech=.]
(ROOT
  (S
    (ADVP (RB Perhaps))
    (NP
      (NP (DT the) (NN zombie))
      (, ,)
      (PP (IN in)
        (NP (DT all) (PRP$ his) (NN uncanniness)))
      (, ,))
    (VP (VBZ is)
      (ADVP (RB truly))
      (NP
        (NP (DT the) (NN definition))
        (PP (IN of)
          (NP (JJ asymmetrical) (NN anthropomorphism)))))
    (. .)))

root(ROOT-0, definition-13)
advmod(definition-13, Perhaps-1)
det(zombie-3, the-2)
nsubj(definition-13, zombie-3)
case(uncanniness-8, in-5)
det:predet(uncanniness-8, all-6)
nmod:poss(uncanniness-8, his-7)
nmod:in(zombie-3, uncanniness-8)
cop(definition-13, is-10)
advmod(definition-13, truly-11)
det(definition-13, the-12)
case(anthropomorphism-16, of-14)
amod(anthropomorphism-16, asymmetrical-15)
nmod:of(definition-13, anthropomorphism-16)

Sentence #2 (21 tokens):
Perhaps the zombie,
with his slow shuffling gait,
is really the word
when it comes to unbridled determination.
[Text=Perhaps CharacterOffsetBegin=103 CharacterOffsetEnd=110 PartOfSpeech=RB]
[Text=the CharacterOffsetBegin=111 CharacterOffsetEnd=114 PartOfSpeech=DT]
[Text=zombie CharacterOffsetBegin=115 CharacterOffsetEnd=121 PartOfSpeech=NN]
[Text=, CharacterOffsetBegin=121 CharacterOffsetEnd=122 PartOfSpeech=,]
[Text=with CharacterOffsetBegin=123 CharacterOffsetEnd=127 PartOfSpeech=IN]
[Text=his CharacterOffsetBegin=128 CharacterOffsetEnd=131 PartOfSpeech=PRP$]
[Text=slow CharacterOffsetBegin=132 CharacterOffsetEnd=136 PartOfSpeech=JJ]
[Text=shuffling CharacterOffsetBegin=137 CharacterOffsetEnd=146 PartOfSpeech=NN]
[Text=gait CharacterOffsetBegin=147 CharacterOffsetEnd=151 PartOfSpeech=NN]
[Text=, CharacterOffsetBegin=151 CharacterOffsetEnd=152 PartOfSpeech=,]
[Text=is CharacterOffsetBegin=153 CharacterOffsetEnd=155 PartOfSpeech=VBZ]
[Text=really CharacterOffsetBegin=156 CharacterOffsetEnd=162 PartOfSpeech=RB]
[Text=the CharacterOffsetBegin=163 CharacterOffsetEnd=166 PartOfSpeech=DT]
[Text=word CharacterOffsetBegin=167 CharacterOffsetEnd=171 PartOfSpeech=NN]
[Text=when CharacterOffsetBegin=172 CharacterOffsetEnd=176 PartOfSpeech=WRB]
[Text=it CharacterOffsetBegin=177 CharacterOffsetEnd=179 PartOfSpeech=PRP]
[Text=comes CharacterOffsetBegin=180 CharacterOffsetEnd=185 PartOfSpeech=VBZ]
[Text=to CharacterOffsetBegin=186 CharacterOffsetEnd=188 PartOfSpeech=TO]
[Text=unbridled CharacterOffsetBegin=189 CharacterOffsetEnd=198 PartOfSpeech=JJ]
[Text=determination CharacterOffsetBegin=199 CharacterOffsetEnd=212 PartOfSpeech=NN]
[Text=. CharacterOffsetBegin=212 CharacterOffsetEnd=213 PartOfSpeech=.]
(ROOT
  (S
    (ADVP (RB Perhaps))
    (NP
      (NP (DT the) (NN zombie))
      (, ,)
      (PP (IN with)
        (NP (PRP$ his) (JJ slow) (NN shuffling) (NN gait)))
      (, ,))
    (VP (VBZ is)
      (ADVP (RB really))
      (NP
        (NP (DT the) (NN word))
        (SBAR
          (WHADVP (WRB when))
          (S
            (NP (PRP it))
            (VP (VBZ comes)
              (PP (TO to)
                (NP (JJ unbridled) (NN determination))))))))
    (. .)))

root(ROOT-0, word-14)
advmod(word-14, Perhaps-1)
det(zombie-3, the-2)
nsubj(word-14, zombie-3)
case(gait-9, with-5)
nmod:poss(gait-9, his-6)
amod(gait-9, slow-7)
compound(gait-9, shuffling-8)
nmod:with(zombie-3, gait-9)
cop(word-14, is-11)
advmod(word-14, really-12)
det(word-14, the-13)
advmod(comes-17, when-15)
nsubj(comes-17, it-16)
acl:relcl(word-14, comes-17)
case(determination-20, to-18)
amod(determination-20, unbridled-19)
nmod:to(comes-17, determination-20)

Sentence #3 (23 tokens):
And perhaps the zombie,
his hunger bottomless,
is indeed the very picture
of a man who can have it all.
[Text=And CharacterOffsetBegin=215 CharacterOffsetEnd=218 PartOfSpeech=CC]
[Text=perhaps CharacterOffsetBegin=219 CharacterOffsetEnd=226 PartOfSpeech=RB]
[Text=the CharacterOffsetBegin=227 CharacterOffsetEnd=230 PartOfSpeech=DT]
[Text=zombie CharacterOffsetBegin=231 CharacterOffsetEnd=237 PartOfSpeech=NN]
[Text=, CharacterOffsetBegin=237 CharacterOffsetEnd=238 PartOfSpeech=,]
[Text=his CharacterOffsetBegin=239 CharacterOffsetEnd=242 PartOfSpeech=PRP$]
[Text=hunger CharacterOffsetBegin=243 CharacterOffsetEnd=249 PartOfSpeech=NN]
[Text=bottomless CharacterOffsetBegin=250 CharacterOffsetEnd=260 PartOfSpeech=JJ]
[Text=, CharacterOffsetBegin=260 CharacterOffsetEnd=261 PartOfSpeech=,]
[Text=is CharacterOffsetBegin=262 CharacterOffsetEnd=264 PartOfSpeech=VBZ]
[Text=indeed CharacterOffsetBegin=265 CharacterOffsetEnd=271 PartOfSpeech=RB]
[Text=the CharacterOffsetBegin=272 CharacterOffsetEnd=275 PartOfSpeech=DT]
[Text=very CharacterOffsetBegin=276 CharacterOffsetEnd=280 PartOfSpeech=JJ]
[Text=picture CharacterOffsetBegin=281 CharacterOffsetEnd=288 PartOfSpeech=NN]
[Text=of CharacterOffsetBegin=289 CharacterOffsetEnd=291 PartOfSpeech=IN]
[Text=a CharacterOffsetBegin=292 CharacterOffsetEnd=293 PartOfSpeech=DT]
[Text=man CharacterOffsetBegin=294 CharacterOffsetEnd=297 PartOfSpeech=NN]
[Text=who CharacterOffsetBegin=298 CharacterOffsetEnd=301 PartOfSpeech=WP]
[Text=can CharacterOffsetBegin=302 CharacterOffsetEnd=305 PartOfSpeech=MD]
[Text=have CharacterOffsetBegin=306 CharacterOffsetEnd=310 PartOfSpeech=VB]
[Text=it CharacterOffsetBegin=311 CharacterOffsetEnd=313 PartOfSpeech=PRP]
[Text=all CharacterOffsetBegin=314 CharacterOffsetEnd=317 PartOfSpeech=DT]
[Text=. CharacterOffsetBegin=317 CharacterOffsetEnd=318 PartOfSpeech=.]
(ROOT
  (S (CC And)
    (ADVP (RB perhaps))
    (NP
      (NP (DT the) (NN zombie))
      (, ,)
      (NP (PRP$ his) (NN hunger) (JJ bottomless))
      (, ,))
    (VP (VBZ is)
      (ADVP (RB indeed))
      (NP
        (NP (DT the) (JJ very) (NN picture))
        (PP (IN of)
          (NP
            (NP (DT a) (NN man))
            (SBAR
              (WHNP (WP who))
              (S
                (VP (MD can)
                  (VP (VB have)
                    (S
                      (NP (PRP it))
                      (NP (DT all)))))))))))
    (. .)))

root(ROOT-0, picture-14)
cc(picture-14, And-1)
advmod(picture-14, perhaps-2)
det(zombie-4, the-3)
nsubj(picture-14, zombie-4)
nmod:poss(hunger-7, his-6)
appos(zombie-4, hunger-7)
amod(hunger-7, bottomless-8)
cop(picture-14, is-10)
advmod(picture-14, indeed-11)
det(picture-14, the-12)
amod(picture-14, very-13)
case(man-17, of-15)
det(man-17, a-16)
nmod:of(picture-14, man-17)
nsubj(have-20, who-18)
aux(have-20, can-19)
acl:relcl(man-17, have-20)
nsubj(all-22, it-21)
xcomp(have-20, all-22)

